\BOOKMARK [1][-]{section.1}{\376\377\000I\000n\000t\000r\000o\000d\000u\000c\000t\000i\000o\000n}{}% 1
\BOOKMARK [2][-]{subsection.1.1}{\376\377\000R\000a\000n\000d\000o\000m\000\040\000n\000u\000m\000b\000e\000r\000\040\000g\000e\000n\000e\000r\000a\000t\000i\000o\000n}{section.1}% 2
\BOOKMARK [2][-]{subsection.1.2}{\376\377\000T\000h\000e\000\040\000A\000R\000V\000\040\000a\000n\000d\000\040\000P\000y\000A\000R\000V\000\040\000p\000a\000c\000k\000a\000g\000e\000s}{section.1}% 3
\BOOKMARK [2][-]{subsection.1.3}{\376\377\000A\000p\000p\000l\000i\000c\000a\000t\000i\000o\000n\000s\000\040\000s\000u\000i\000t\000a\000b\000l\000e\000\040\000f\000o\000r\000\040\000a\000p\000p\000r\000o\000x\000i\000m\000a\000t\000e\000\040\000r\000a\000n\000d\000o\000m\000\040\000v\000a\000r\000i\000a\000b\000l\000e\000s}{section.1}% 4
\BOOKMARK [2][-]{subsection.1.4}{\376\377\000C\000o\000n\000t\000r\000i\000b\000u\000t\000i\000o\000n\000s\000\040\000o\000f\000\040\000t\000h\000i\000s\000\040\000r\000e\000p\000o\000r\000t}{section.1}% 5
\BOOKMARK [2][-]{subsection.1.5}{\376\377\000S\000t\000r\000u\000c\000t\000u\000r\000e\000\040\000o\000f\000\040\000t\000h\000i\000s\000\040\000r\000e\000p\000o\000r\000t}{section.1}% 6
\BOOKMARK [1][-]{section.2}{\376\377\000M\000a\000t\000h\000e\000m\000a\000t\000i\000c\000a\000l\000\040\000p\000r\000e\000l\000i\000m\000i\000n\000a\000r\000i\000e\000s}{}% 7
\BOOKMARK [2][-]{subsection.2.1}{\376\377\000A\000\040\000b\000r\000i\000e\000f\000\040\000m\000a\000t\000h\000e\000m\000a\000t\000i\000c\000a\000l\000\040\000o\000v\000e\000r\000v\000i\000e\000w}{section.2}% 8
\BOOKMARK [2][-]{subsection.2.2}{\376\377\000E\000x\000a\000m\000p\000l\000e\000s\000\040\000o\000f\000\040\000a\000p\000p\000r\000o\000x\000i\000m\000a\000t\000e\000\040\000r\000a\000n\000d\000o\000m\000\040\000v\000a\000r\000i\000a\000b\000l\000e\000s}{section.2}% 9
\BOOKMARK [2][-]{subsection.2.3}{\376\377\000U\000s\000i\000n\000g\000\040\000l\000o\000w\000\040\000p\000r\000e\000c\000i\000s\000i\000o\000n\000\040\000a\000p\000p\000r\000o\000x\000i\000m\000a\000t\000e\000\040\000r\000a\000n\000d\000o\000m\000\040\000v\000a\000r\000i\000a\000b\000l\000e\000s\000\040\000w\000i\000t\000h\000\040\000c\000o\000n\000f\000i\000d\000e\000n\000c\000e}{section.2}% 10
\BOOKMARK [1][-]{section.3}{\376\377\000G\000e\000t\000t\000i\000n\000g\000\040\000s\000t\000a\000r\000t\000e\000d\000\040\000w\000i\000t\000h\000\040\000P\000y\000A\000R\000V}{}% 11
\BOOKMARK [2][-]{subsection.3.1}{\376\377\000D\000e\000p\000e\000n\000d\000e\000n\000c\000i\000e\000s}{section.3}% 12
\BOOKMARK [2][-]{subsection.3.2}{\376\377\000I\000n\000s\000t\000a\000l\000l\000a\000t\000i\000o\000n}{section.3}% 13
\BOOKMARK [2][-]{subsection.3.3}{\376\377\000A\000\040\000s\000i\000m\000p\000l\000e\000\040\000e\000x\000a\000m\000p\000l\000e}{section.3}% 14
\BOOKMARK [2][-]{subsection.3.4}{\376\377\000C\000h\000e\000c\000k\000i\000n\000g\000\040\000t\000h\000e\000\040\000p\000e\000r\000f\000o\000r\000m\000a\000n\000c\000e}{section.3}% 15
\BOOKMARK [1][-]{section.4}{\376\377\000D\000e\000s\000i\000g\000n\000\040\000c\000h\000o\000i\000c\000e\000s}{}% 16
\BOOKMARK [2][-]{subsection.4.1}{\376\377\000I\000m\000p\000l\000e\000m\000e\000n\000t\000a\000t\000i\000o\000n\000\040\000d\000e\000c\000i\000s\000i\000o\000n\000s\000\040\000a\000n\000d\000\040\000f\000r\000e\000q\000u\000e\000n\000t\000l\000y\000\040\000a\000s\000k\000e\000d\000\040\000q\000u\000e\000s\000t\000i\000o\000n\000s}{section.4}% 17
\BOOKMARK [2][-]{subsection.4.2}{\376\377\000T\000h\000e\000\040\000p\000a\000c\000k\000a\000g\000e\000'\000s\000\040\000g\000o\000a\000l\000s\000\040\000a\000n\000d\000\040\000o\000m\000i\000s\000s\000i\000o\000n\000s}{section.4}% 18
\BOOKMARK [1][-]{section.5}{\376\377\000A\000d\000v\000a\000n\000c\000e\000d\000\040\000u\000s\000a\000g\000e}{}% 19
\BOOKMARK [2][-]{subsection.5.1}{\376\377\000U\000s\000i\000n\000g\000\040\000t\000h\000e\000\040\000A\000P\000I}{section.5}% 20
\BOOKMARK [1][-]{section.6}{\376\377\000E\000x\000a\000m\000p\000l\000e\000s}{}% 21
\BOOKMARK [1][-]{section.7}{\376\377\000F\000u\000t\000u\000r\000e\000\040\000p\000l\000a\000n\000s}{}% 22
\BOOKMARK [2][-]{subsection.7.1}{\376\377\000M\000a\000j\000o\000r\000\040\000c\000h\000a\000n\000g\000e\000s\000\040\000a\000n\000d\000\040\000f\000e\000a\000t\000u\000r\000e\000s}{section.7}% 23
\BOOKMARK [2][-]{subsection.7.2}{\376\377\000C\000o\000n\000t\000r\000i\000b\000u\000t\000i\000n\000g\000\040\000t\000o\000\040\000t\000h\000e\000\040\000p\000r\000o\000j\000e\000c\000t}{section.7}% 24
\BOOKMARK [1][-]{section.8}{\376\377\000C\000o\000n\000c\000l\000u\000s\000i\000o\000n\000s}{}% 25
\BOOKMARK [1][-]{section*.16}{\376\377\000R\000e\000f\000e\000r\000e\000n\000c\000e\000s}{}% 26
